2023-05-27 01:46:19.739  INFO 2844 --- [main] com.ttsx.goods.GoodApplication           : The following 1 profile is active: "prod"
2023-05-27 01:46:20.529  INFO 2844 --- [main] .s.d.r.c.RepositoryConfigurationDelegate : Multiple Spring Data modules found, entering strict repository configuration mode!
2023-05-27 01:46:20.534  INFO 2844 --- [main] .s.d.r.c.RepositoryConfigurationDelegate : Bootstrapping Spring Data Redis repositories in DEFAULT mode.
2023-05-27 01:46:20.563  INFO 2844 --- [main] .s.d.r.c.RepositoryConfigurationDelegate : Finished Spring Data repository scanning in 9 ms. Found 0 Redis repository interfaces.
2023-05-27 01:46:20.763  INFO 2844 --- [main] o.s.cloud.context.scope.GenericScope     : BeanFactory id=b69eb11d-69b4-30d3-9b66-9aa28ba01c5b
2023-05-27 01:46:21.028  INFO 2844 --- [main] o.s.b.w.embedded.tomcat.TomcatWebServer  : Tomcat initialized with port(s): 7777 (http)
2023-05-27 01:46:21.029  INFO 2844 --- [main] o.a.catalina.core.AprLifecycleListener   : Loaded Apache Tomcat Native library [1.2.35] using APR version [1.7.0].
2023-05-27 01:46:21.029  INFO 2844 --- [main] o.a.catalina.core.AprLifecycleListener   : APR capabilities: IPv6 [true], sendfile [true], accept filters [false], random [true], UDS [true].
2023-05-27 01:46:21.029  INFO 2844 --- [main] o.a.catalina.core.AprLifecycleListener   : APR/OpenSSL configuration: useAprConnector [false], useOpenSSL [true]
2023-05-27 01:46:21.032  INFO 2844 --- [main] o.a.catalina.core.AprLifecycleListener   : OpenSSL successfully initialized [OpenSSL 1.1.1q  5 Jul 2022]
2023-05-27 01:46:21.039  INFO 2844 --- [main] o.apache.catalina.core.StandardService   : Starting service [Tomcat]
2023-05-27 01:46:21.039  INFO 2844 --- [main] org.apache.catalina.core.StandardEngine  : Starting Servlet engine: [Apache Tomcat/9.0.63]
2023-05-27 01:46:21.173  INFO 2844 --- [main] o.a.c.c.C.[Tomcat].[localhost].[/]       : Initializing Spring embedded WebApplicationContext
2023-05-27 01:46:21.173  INFO 2844 --- [main] w.s.c.ServletWebServerApplicationContext : Root WebApplicationContext: initialization completed in 1413 ms
2023-05-27 01:46:21.226  INFO 2844 --- [main] c.a.d.s.b.a.DruidDataSourceAutoConfigure : Init DruidDataSource
2023-05-27 01:46:21.321  INFO 2844 --- [main] com.alibaba.druid.pool.DruidDataSource   : {dataSource-1} inited
2023-05-27 01:46:24.935  WARN 2844 --- [main] iguration$LoadBalancerCaffeineWarnLogger : Spring Cloud LoadBalancer is currently working with the default cache. While this cache implementation is useful for development and tests, it's recommended to use Caffeine cache in production.You can switch to using Caffeine cache, by adding it and org.springframework.cache.caffeine.CaffeineCacheManager to the classpath.
2023-05-27 01:46:24.947  INFO 2844 --- [main] o.s.b.a.e.web.EndpointLinksResolver      : Exposing 19 endpoint(s) beneath base path '/actuator'
2023-05-27 01:46:25.019  INFO 2844 --- [main] o.s.b.w.embedded.tomcat.TomcatWebServer  : Tomcat started on port(s): 7777 (http) with context path ''
2023-05-27 01:46:25.030  INFO 2844 --- [main] c.a.n.p.a.s.c.ClientAuthPluginManager    : [ClientAuthPluginManager] Load ClientAuthService com.alibaba.nacos.client.auth.impl.NacosClientAuthServiceImpl success.
2023-05-27 01:46:25.030  INFO 2844 --- [main] c.a.n.p.a.s.c.ClientAuthPluginManager    : [ClientAuthPluginManager] Load ClientAuthService com.alibaba.nacos.client.auth.ram.RamClientAuthServiceImpl success.
2023-05-27 01:46:25.245  INFO 2844 --- [main] c.a.c.n.registry.NacosServiceRegistry    : nacos registry, DEFAULT_GROUP ttsx-foods 192.168.62.1:7777 register finished
2023-05-27 01:46:25.801  INFO 2844 --- [main] com.ttsx.goods.GoodApplication           : Started GoodApplication in 10.16 seconds (JVM running for 11.533)
2023-05-27 01:46:25.812  INFO 2844 --- [main] c.a.c.n.refresh.NacosContextRefresher    : [Nacos Config] Listening config: dataId=ttsx-foods, group=DEFAULT_GROUP
2023-05-27 01:46:25.813  INFO 2844 --- [main] c.a.c.n.refresh.NacosContextRefresher    : [Nacos Config] Listening config: dataId=ttsx-redis.yml, group=DEFAULT_GROUP
2023-05-27 01:46:25.814  INFO 2844 --- [main] c.a.c.n.refresh.NacosContextRefresher    : [Nacos Config] Listening config: dataId=ttsx-mysql.yml, group=DEFAULT_GROUP
2023-05-27 01:46:25.815  INFO 2844 --- [main] c.a.c.n.refresh.NacosContextRefresher    : [Nacos Config] Listening config: dataId=ttsx-foods-prod.yml, group=DEFAULT_GROUP
2023-05-27 01:46:25.815  INFO 2844 --- [main] c.a.c.n.refresh.NacosContextRefresher    : [Nacos Config] Listening config: dataId=ttsx-foods.yml, group=DEFAULT_GROUP
2023-05-27 01:46:26.649  INFO 2844 --- [RMI TCP Connection(2)-192.168.100.1] o.a.c.c.C.[Tomcat].[localhost].[/]       : Initializing Spring DispatcherServlet 'dispatcherServlet'
2023-05-27 01:46:26.650  INFO 2844 --- [RMI TCP Connection(2)-192.168.100.1] o.s.web.servlet.DispatcherServlet        : Initializing Servlet 'dispatcherServlet'
2023-05-27 01:46:26.653  INFO 2844 --- [RMI TCP Connection(2)-192.168.100.1] o.s.web.servlet.DispatcherServlet        : Completed initialization in 3 ms
2023-05-27 02:48:47.930  INFO 15420 --- [main] com.ttsx.order.OrderApplication          : The following 1 profile is active: "prod"
2023-05-27 02:48:48.595  INFO 15420 --- [main] .s.d.r.c.RepositoryConfigurationDelegate : Multiple Spring Data modules found, entering strict repository configuration mode!
2023-05-27 02:48:48.597  INFO 15420 --- [main] .s.d.r.c.RepositoryConfigurationDelegate : Bootstrapping Spring Data Redis repositories in DEFAULT mode.
2023-05-27 02:48:48.612  INFO 15420 --- [main] .s.d.r.c.RepositoryConfigurationDelegate : Finished Spring Data repository scanning in 4 ms. Found 0 Redis repository interfaces.
2023-05-27 02:48:48.782  INFO 15420 --- [main] o.s.cloud.context.scope.GenericScope     : BeanFactory id=d447d1bf-1267-3c43-ba88-4b656493b41e
2023-05-27 02:48:49.031  INFO 15420 --- [main] o.s.b.w.embedded.tomcat.TomcatWebServer  : Tomcat initialized with port(s): 8889 (http)
2023-05-27 02:48:49.032  INFO 15420 --- [main] o.a.catalina.core.AprLifecycleListener   : Loaded Apache Tomcat Native library [1.2.35] using APR version [1.7.0].
2023-05-27 02:48:49.032  INFO 15420 --- [main] o.a.catalina.core.AprLifecycleListener   : APR capabilities: IPv6 [true], sendfile [true], accept filters [false], random [true], UDS [true].
2023-05-27 02:48:49.032  INFO 15420 --- [main] o.a.catalina.core.AprLifecycleListener   : APR/OpenSSL configuration: useAprConnector [false], useOpenSSL [true]
2023-05-27 02:48:49.035  INFO 15420 --- [main] o.a.catalina.core.AprLifecycleListener   : OpenSSL successfully initialized [OpenSSL 1.1.1q  5 Jul 2022]
2023-05-27 02:48:49.041  INFO 15420 --- [main] o.apache.catalina.core.StandardService   : Starting service [Tomcat]
2023-05-27 02:48:49.041  INFO 15420 --- [main] org.apache.catalina.core.StandardEngine  : Starting Servlet engine: [Apache Tomcat/9.0.63]
2023-05-27 02:48:49.167  INFO 15420 --- [main] o.a.c.c.C.[Tomcat].[localhost].[/]       : Initializing Spring embedded WebApplicationContext
2023-05-27 02:48:49.167  INFO 15420 --- [main] w.s.c.ServletWebServerApplicationContext : Root WebApplicationContext: initialization completed in 1223 ms
2023-05-27 02:48:49.220  INFO 15420 --- [main] c.a.d.s.b.a.DruidDataSourceAutoConfigure : Init DruidDataSource
2023-05-27 02:48:49.317  INFO 15420 --- [main] com.alibaba.druid.pool.DruidDataSource   : {dataSource-1} inited
2023-05-27 02:48:50.476  INFO 15420 --- [main] o.s.c.openfeign.FeignClientFactoryBean   : For 'ttsx-foods' URL not provided. Will try picking an instance via load-balancing.
2023-05-27 02:48:53.068  WARN 15420 --- [main] iguration$LoadBalancerCaffeineWarnLogger : Spring Cloud LoadBalancer is currently working with the default cache. While this cache implementation is useful for development and tests, it's recommended to use Caffeine cache in production.You can switch to using Caffeine cache, by adding it and org.springframework.cache.caffeine.CaffeineCacheManager to the classpath.
2023-05-27 02:48:53.074  INFO 15420 --- [main] o.s.b.a.e.web.EndpointLinksResolver      : Exposing 19 endpoint(s) beneath base path '/actuator'
2023-05-27 02:48:53.155  INFO 15420 --- [main] o.s.b.w.embedded.tomcat.TomcatWebServer  : Tomcat started on port(s): 8889 (http) with context path ''
2023-05-27 02:48:53.166  INFO 15420 --- [main] c.a.n.p.a.s.c.ClientAuthPluginManager    : [ClientAuthPluginManager] Load ClientAuthService com.alibaba.nacos.client.auth.impl.NacosClientAuthServiceImpl success.
2023-05-27 02:48:53.166  INFO 15420 --- [main] c.a.n.p.a.s.c.ClientAuthPluginManager    : [ClientAuthPluginManager] Load ClientAuthService com.alibaba.nacos.client.auth.ram.RamClientAuthServiceImpl success.
2023-05-27 02:48:53.381  INFO 15420 --- [main] c.a.c.n.registry.NacosServiceRegistry    : nacos registry, DEFAULT_GROUP ttsx-order 192.168.62.1:8889 register finished
2023-05-27 02:48:53.957  INFO 15420 --- [main] com.ttsx.order.OrderApplication          : Started OrderApplication in 10.002 seconds (JVM running for 11.115)
2023-05-27 02:48:53.970  INFO 15420 --- [main] c.a.c.n.refresh.NacosContextRefresher    : [Nacos Config] Listening config: dataId=ttsx-redis.yml, group=DEFAULT_GROUP
2023-05-27 02:48:53.970  INFO 15420 --- [main] c.a.c.n.refresh.NacosContextRefresher    : [Nacos Config] Listening config: dataId=ttsx-order.yml, group=DEFAULT_GROUP
2023-05-27 02:48:53.972  INFO 15420 --- [main] c.a.c.n.refresh.NacosContextRefresher    : [Nacos Config] Listening config: dataId=ttsx-order-prod.yml, group=DEFAULT_GROUP
2023-05-27 02:48:53.973  INFO 15420 --- [main] c.a.c.n.refresh.NacosContextRefresher    : [Nacos Config] Listening config: dataId=ttsx-mysql.yml, group=DEFAULT_GROUP
2023-05-27 02:48:53.973  INFO 15420 --- [main] c.a.c.n.refresh.NacosContextRefresher    : [Nacos Config] Listening config: dataId=ttsx-order, group=DEFAULT_GROUP
2023-05-27 02:48:55.072  INFO 15420 --- [RMI TCP Connection(2)-192.168.100.1] o.a.c.c.C.[Tomcat].[localhost].[/]       : Initializing Spring DispatcherServlet 'dispatcherServlet'
2023-05-27 02:48:55.073  INFO 15420 --- [RMI TCP Connection(2)-192.168.100.1] o.s.web.servlet.DispatcherServlet        : Initializing Servlet 'dispatcherServlet'
2023-05-27 02:48:55.075  INFO 15420 --- [RMI TCP Connection(2)-192.168.100.1] o.s.web.servlet.DispatcherServlet        : Completed initialization in 2 ms
2023-05-27 14:28:36.003  INFO 5216 --- [main] com.ttsx.goods.GoodApplication           : The following 1 profile is active: "prod"
2023-05-27 14:28:36.568  INFO 5216 --- [main] .s.d.r.c.RepositoryConfigurationDelegate : Multiple Spring Data modules found, entering strict repository configuration mode!
2023-05-27 14:28:36.570  INFO 5216 --- [main] .s.d.r.c.RepositoryConfigurationDelegate : Bootstrapping Spring Data Redis repositories in DEFAULT mode.
2023-05-27 14:28:36.586  INFO 5216 --- [main] .s.d.r.c.RepositoryConfigurationDelegate : Finished Spring Data repository scanning in 6 ms. Found 0 Redis repository interfaces.
2023-05-27 14:28:36.730  INFO 5216 --- [main] o.s.cloud.context.scope.GenericScope     : BeanFactory id=b69eb11d-69b4-30d3-9b66-9aa28ba01c5b
2023-05-27 14:28:36.965  INFO 5216 --- [main] o.s.b.w.embedded.tomcat.TomcatWebServer  : Tomcat initialized with port(s): 7777 (http)
2023-05-27 14:28:36.973  INFO 5216 --- [main] o.apache.catalina.core.StandardService   : Starting service [Tomcat]
2023-05-27 14:28:36.973  INFO 5216 --- [main] org.apache.catalina.core.StandardEngine  : Starting Servlet engine: [Apache Tomcat/9.0.63]
2023-05-27 14:28:37.109  INFO 5216 --- [main] o.a.c.c.C.[Tomcat].[localhost].[/]       : Initializing Spring embedded WebApplicationContext
2023-05-27 14:28:37.109  INFO 5216 --- [main] w.s.c.ServletWebServerApplicationContext : Root WebApplicationContext: initialization completed in 1092 ms
2023-05-27 14:28:37.153  INFO 5216 --- [main] c.a.d.s.b.a.DruidDataSourceAutoConfigure : Init DruidDataSource
2023-05-27 14:28:37.226  INFO 5216 --- [main] com.alibaba.druid.pool.DruidDataSource   : {dataSource-1} inited
2023-05-27 14:28:39.062  WARN 5216 --- [main] iguration$LoadBalancerCaffeineWarnLogger : Spring Cloud LoadBalancer is currently working with the default cache. While this cache implementation is useful for development and tests, it's recommended to use Caffeine cache in production.You can switch to using Caffeine cache, by adding it and org.springframework.cache.caffeine.CaffeineCacheManager to the classpath.
2023-05-27 14:28:39.071  INFO 5216 --- [main] o.s.b.a.e.web.EndpointLinksResolver      : Exposing 19 endpoint(s) beneath base path '/actuator'
2023-05-27 14:28:39.138  INFO 5216 --- [main] o.s.b.w.embedded.tomcat.TomcatWebServer  : Tomcat started on port(s): 7777 (http) with context path ''
2023-05-27 14:28:39.147  INFO 5216 --- [main] c.a.n.p.a.s.c.ClientAuthPluginManager    : [ClientAuthPluginManager] Load ClientAuthService com.alibaba.nacos.client.auth.impl.NacosClientAuthServiceImpl success.
2023-05-27 14:28:39.148  INFO 5216 --- [main] c.a.n.p.a.s.c.ClientAuthPluginManager    : [ClientAuthPluginManager] Load ClientAuthService com.alibaba.nacos.client.auth.ram.RamClientAuthServiceImpl success.
2023-05-27 14:28:39.337  INFO 5216 --- [main] c.a.c.n.registry.NacosServiceRegistry    : nacos registry, DEFAULT_GROUP ttsx-foods 172.16.124.80:7777 register finished
2023-05-27 14:28:39.544  INFO 5216 --- [main] com.ttsx.goods.GoodApplication           : Started GoodApplication in 5.72 seconds (JVM running for 6.384)
2023-05-27 14:28:39.554  INFO 5216 --- [main] c.a.c.n.refresh.NacosContextRefresher    : [Nacos Config] Listening config: dataId=ttsx-foods, group=DEFAULT_GROUP
2023-05-27 14:28:39.555  INFO 5216 --- [main] c.a.c.n.refresh.NacosContextRefresher    : [Nacos Config] Listening config: dataId=ttsx-redis.yml, group=DEFAULT_GROUP
2023-05-27 14:28:39.556  INFO 5216 --- [main] c.a.c.n.refresh.NacosContextRefresher    : [Nacos Config] Listening config: dataId=ttsx-mysql.yml, group=DEFAULT_GROUP
2023-05-27 14:28:39.557  INFO 5216 --- [main] c.a.c.n.refresh.NacosContextRefresher    : [Nacos Config] Listening config: dataId=ttsx-foods-prod.yml, group=DEFAULT_GROUP
2023-05-27 14:28:39.557  INFO 5216 --- [main] c.a.c.n.refresh.NacosContextRefresher    : [Nacos Config] Listening config: dataId=ttsx-foods.yml, group=DEFAULT_GROUP
2023-05-27 14:28:40.116  INFO 5216 --- [RMI TCP Connection(5)-172.16.124.80] o.a.c.c.C.[Tomcat].[localhost].[/]       : Initializing Spring DispatcherServlet 'dispatcherServlet'
2023-05-27 14:28:40.117  INFO 5216 --- [RMI TCP Connection(5)-172.16.124.80] o.s.web.servlet.DispatcherServlet        : Initializing Servlet 'dispatcherServlet'
2023-05-27 14:28:40.118  INFO 5216 --- [RMI TCP Connection(5)-172.16.124.80] o.s.web.servlet.DispatcherServlet        : Completed initialization in 1 ms
2023-05-27 14:29:29.547  INFO 18788 --- [main] com.ttsx.order.OrderApplication          : The following 1 profile is active: "prod"
2023-05-27 14:29:30.137  INFO 18788 --- [main] .s.d.r.c.RepositoryConfigurationDelegate : Multiple Spring Data modules found, entering strict repository configuration mode!
2023-05-27 14:29:30.139  INFO 18788 --- [main] .s.d.r.c.RepositoryConfigurationDelegate : Bootstrapping Spring Data Redis repositories in DEFAULT mode.
2023-05-27 14:29:30.157  INFO 18788 --- [main] .s.d.r.c.RepositoryConfigurationDelegate : Finished Spring Data repository scanning in 5 ms. Found 0 Redis repository interfaces.
2023-05-27 14:29:30.311  INFO 18788 --- [main] o.s.cloud.context.scope.GenericScope     : BeanFactory id=d447d1bf-1267-3c43-ba88-4b656493b41e
2023-05-27 14:29:30.543  INFO 18788 --- [main] o.s.b.w.embedded.tomcat.TomcatWebServer  : Tomcat initialized with port(s): 8888 (http)
2023-05-27 14:29:30.549  INFO 18788 --- [main] o.apache.catalina.core.StandardService   : Starting service [Tomcat]
2023-05-27 14:29:30.549  INFO 18788 --- [main] org.apache.catalina.core.StandardEngine  : Starting Servlet engine: [Apache Tomcat/9.0.63]
2023-05-27 14:29:30.674  INFO 18788 --- [main] o.a.c.c.C.[Tomcat].[localhost].[/]       : Initializing Spring embedded WebApplicationContext
2023-05-27 14:29:30.674  INFO 18788 --- [main] w.s.c.ServletWebServerApplicationContext : Root WebApplicationContext: initialization completed in 1114 ms
2023-05-27 14:29:30.720  INFO 18788 --- [main] c.a.d.s.b.a.DruidDataSourceAutoConfigure : Init DruidDataSource
2023-05-27 14:29:30.796  INFO 18788 --- [main] com.alibaba.druid.pool.DruidDataSource   : {dataSource-1} inited
2023-05-27 14:29:31.393  INFO 18788 --- [main] o.s.c.openfeign.FeignClientFactoryBean   : For 'ttsx-foods' URL not provided. Will try picking an instance via load-balancing.
2023-05-27 14:29:32.745  WARN 18788 --- [main] iguration$LoadBalancerCaffeineWarnLogger : Spring Cloud LoadBalancer is currently working with the default cache. While this cache implementation is useful for development and tests, it's recommended to use Caffeine cache in production.You can switch to using Caffeine cache, by adding it and org.springframework.cache.caffeine.CaffeineCacheManager to the classpath.
2023-05-27 14:29:32.751  INFO 18788 --- [main] o.s.b.a.e.web.EndpointLinksResolver      : Exposing 19 endpoint(s) beneath base path '/actuator'
2023-05-27 14:29:32.817  INFO 18788 --- [main] o.s.b.w.embedded.tomcat.TomcatWebServer  : Tomcat started on port(s): 8888 (http) with context path ''
2023-05-27 14:29:32.827  INFO 18788 --- [main] c.a.n.p.a.s.c.ClientAuthPluginManager    : [ClientAuthPluginManager] Load ClientAuthService com.alibaba.nacos.client.auth.impl.NacosClientAuthServiceImpl success.
2023-05-27 14:29:32.827  INFO 18788 --- [main] c.a.n.p.a.s.c.ClientAuthPluginManager    : [ClientAuthPluginManager] Load ClientAuthService com.alibaba.nacos.client.auth.ram.RamClientAuthServiceImpl success.
2023-05-27 14:29:33.025  INFO 18788 --- [main] c.a.c.n.registry.NacosServiceRegistry    : nacos registry, DEFAULT_GROUP ttsx-order 172.16.124.80:8888 register finished
2023-05-27 14:29:33.243  INFO 18788 --- [main] com.ttsx.order.OrderApplication          : Started OrderApplication in 5.869 seconds (JVM running for 6.548)
2023-05-27 14:29:33.256  INFO 18788 --- [main] c.a.c.n.refresh.NacosContextRefresher    : [Nacos Config] Listening config: dataId=ttsx-redis.yml, group=DEFAULT_GROUP
2023-05-27 14:29:33.257  INFO 18788 --- [main] c.a.c.n.refresh.NacosContextRefresher    : [Nacos Config] Listening config: dataId=ttsx-order.yml, group=DEFAULT_GROUP
2023-05-27 14:29:33.258  INFO 18788 --- [main] c.a.c.n.refresh.NacosContextRefresher    : [Nacos Config] Listening config: dataId=ttsx-order-prod.yml, group=DEFAULT_GROUP
2023-05-27 14:29:33.258  INFO 18788 --- [main] c.a.c.n.refresh.NacosContextRefresher    : [Nacos Config] Listening config: dataId=ttsx-mysql.yml, group=DEFAULT_GROUP
2023-05-27 14:29:33.259  INFO 18788 --- [main] c.a.c.n.refresh.NacosContextRefresher    : [Nacos Config] Listening config: dataId=ttsx-order, group=DEFAULT_GROUP
2023-05-27 14:29:33.683  INFO 18788 --- [RMI TCP Connection(5)-172.16.124.80] o.a.c.c.C.[Tomcat].[localhost].[/]       : Initializing Spring DispatcherServlet 'dispatcherServlet'
2023-05-27 14:29:33.683  INFO 18788 --- [RMI TCP Connection(5)-172.16.124.80] o.s.web.servlet.DispatcherServlet        : Initializing Servlet 'dispatcherServlet'
2023-05-27 14:29:33.684  INFO 18788 --- [RMI TCP Connection(5)-172.16.124.80] o.s.web.servlet.DispatcherServlet        : Completed initialization in 1 ms
2023-05-27 14:35:13.959  INFO 18788 --- [http-nio-8888-exec-1] c.ttsx.order.controller.CartController   : 5
2023-05-27 14:35:18.948  INFO 18788 --- [http-nio-8888-exec-3] com.ttsx.order.biz.CartBiz               : 5
2023-05-27 14:35:22.375  INFO 18788 --- [http-nio-8888-exec-4] c.ttsx.order.controller.CartController   : 5
2023-05-27 14:35:25.883 ERROR 18788 --- [http-nio-8888-exec-5] o.a.c.c.C.[.[.[/].[dispatcherServlet]    : Servlet.service() for servlet [dispatcherServlet] in context with path [] threw exception [Request processing failed; nested exception is java.lang.NullPointerException] with root cause

java.lang.NullPointerException: null
	at com.ttsx.order.controller.AddrController.showAddr(AddrController.java:28) ~[classes/:na]
	at sun.reflect.NativeMethodAccessorImpl.invoke0(Native Method) ~[na:1.8.0_65]
	at sun.reflect.NativeMethodAccessorImpl.invoke(NativeMethodAccessorImpl.java:62) ~[na:1.8.0_65]
	at sun.reflect.DelegatingMethodAccessorImpl.invoke(DelegatingMethodAccessorImpl.java:43) ~[na:1.8.0_65]
	at java.lang.reflect.Method.invoke(Method.java:497) ~[na:1.8.0_65]
	at org.springframework.web.method.support.InvocableHandlerMethod.doInvoke(InvocableHandlerMethod.java:205) ~[spring-web-5.3.20.jar:5.3.20]
	at org.springframework.web.method.support.InvocableHandlerMethod.invokeForRequest(InvocableHandlerMethod.java:150) ~[spring-web-5.3.20.jar:5.3.20]
	at org.springframework.web.servlet.mvc.method.annotation.ServletInvocableHandlerMethod.invokeAndHandle(ServletInvocableHandlerMethod.java:117) ~[spring-webmvc-5.3.20.jar:5.3.20]
	at org.springframework.web.servlet.mvc.method.annotation.RequestMappingHandlerAdapter.invokeHandlerMethod(RequestMappingHandlerAdapter.java:895) ~[spring-webmvc-5.3.20.jar:5.3.20]
	at org.springframework.web.servlet.mvc.method.annotation.RequestMappingHandlerAdapter.handleInternal(RequestMappingHandlerAdapter.java:808) ~[spring-webmvc-5.3.20.jar:5.3.20]
	at org.springframework.web.servlet.mvc.method.AbstractHandlerMethodAdapter.handle(AbstractHandlerMethodAdapter.java:87) ~[spring-webmvc-5.3.20.jar:5.3.20]
	at org.springframework.web.servlet.DispatcherServlet.doDispatch(DispatcherServlet.java:1067) ~[spring-webmvc-5.3.20.jar:5.3.20]
	at org.springframework.web.servlet.DispatcherServlet.doService(DispatcherServlet.java:963) ~[spring-webmvc-5.3.20.jar:5.3.20]
	at org.springframework.web.servlet.FrameworkServlet.processRequest(FrameworkServlet.java:1006) ~[spring-webmvc-5.3.20.jar:5.3.20]
	at org.springframework.web.servlet.FrameworkServlet.doPost(FrameworkServlet.java:909) ~[spring-webmvc-5.3.20.jar:5.3.20]
	at javax.servlet.http.HttpServlet.service(HttpServlet.java:681) ~[tomcat-embed-core-9.0.63.jar:4.0.FR]
	at org.springframework.web.servlet.FrameworkServlet.service(FrameworkServlet.java:883) ~[spring-webmvc-5.3.20.jar:5.3.20]
	at javax.servlet.http.HttpServlet.service(HttpServlet.java:764) ~[tomcat-embed-core-9.0.63.jar:4.0.FR]
	at org.apache.catalina.core.ApplicationFilterChain.internalDoFilter(ApplicationFilterChain.java:227) ~[tomcat-embed-core-9.0.63.jar:9.0.63]
	at org.apache.catalina.core.ApplicationFilterChain.doFilter(ApplicationFilterChain.java:162) ~[tomcat-embed-core-9.0.63.jar:9.0.63]
	at org.apache.tomcat.websocket.server.WsFilter.doFilter(WsFilter.java:53) ~[tomcat-embed-websocket-9.0.63.jar:9.0.63]
	at org.apache.catalina.core.ApplicationFilterChain.internalDoFilter(ApplicationFilterChain.java:189) ~[tomcat-embed-core-9.0.63.jar:9.0.63]
	at org.apache.catalina.core.ApplicationFilterChain.doFilter(ApplicationFilterChain.java:162) ~[tomcat-embed-core-9.0.63.jar:9.0.63]
	at org.springframework.web.filter.RequestContextFilter.doFilterInternal(RequestContextFilter.java:100) ~[spring-web-5.3.20.jar:5.3.20]
	at org.springframework.web.filter.OncePerRequestFilter.doFilter(OncePerRequestFilter.java:117) ~[spring-web-5.3.20.jar:5.3.20]
	at org.apache.catalina.core.ApplicationFilterChain.internalDoFilter(ApplicationFilterChain.java:189) ~[tomcat-embed-core-9.0.63.jar:9.0.63]
	at org.apache.catalina.core.ApplicationFilterChain.doFilter(ApplicationFilterChain.java:162) ~[tomcat-embed-core-9.0.63.jar:9.0.63]
	at org.springframework.web.filter.FormContentFilter.doFilterInternal(FormContentFilter.java:93) ~[spring-web-5.3.20.jar:5.3.20]
	at org.springframework.web.filter.OncePerRequestFilter.doFilter(OncePerRequestFilter.java:117) ~[spring-web-5.3.20.jar:5.3.20]
	at org.apache.catalina.core.ApplicationFilterChain.internalDoFilter(ApplicationFilterChain.java:189) ~[tomcat-embed-core-9.0.63.jar:9.0.63]
	at org.apache.catalina.core.ApplicationFilterChain.doFilter(ApplicationFilterChain.java:162) ~[tomcat-embed-core-9.0.63.jar:9.0.63]
	at org.springframework.boot.actuate.metrics.web.servlet.WebMvcMetricsFilter.doFilterInternal(WebMvcMetricsFilter.java:96) ~[spring-boot-actuator-2.7.0.jar:2.7.0]
	at org.springframework.web.filter.OncePerRequestFilter.doFilter(OncePerRequestFilter.java:117) ~[spring-web-5.3.20.jar:5.3.20]
	at org.apache.catalina.core.ApplicationFilterChain.internalDoFilter(ApplicationFilterChain.java:189) ~[tomcat-embed-core-9.0.63.jar:9.0.63]
	at org.apache.catalina.core.ApplicationFilterChain.doFilter(ApplicationFilterChain.java:162) ~[tomcat-embed-core-9.0.63.jar:9.0.63]
	at org.springframework.web.filter.CharacterEncodingFilter.doFilterInternal(CharacterEncodingFilter.java:201) ~[spring-web-5.3.20.jar:5.3.20]
	at org.springframework.web.filter.OncePerRequestFilter.doFilter(OncePerRequestFilter.java:117) ~[spring-web-5.3.20.jar:5.3.20]
	at org.apache.catalina.core.ApplicationFilterChain.internalDoFilter(ApplicationFilterChain.java:189) ~[tomcat-embed-core-9.0.63.jar:9.0.63]
	at org.apache.catalina.core.ApplicationFilterChain.doFilter(ApplicationFilterChain.java:162) ~[tomcat-embed-core-9.0.63.jar:9.0.63]
	at org.apache.catalina.core.StandardWrapperValve.invoke(StandardWrapperValve.java:197) ~[tomcat-embed-core-9.0.63.jar:9.0.63]
	at org.apache.catalina.core.StandardContextValve.invoke(StandardContextValve.java:97) [tomcat-embed-core-9.0.63.jar:9.0.63]
	at org.apache.catalina.authenticator.AuthenticatorBase.invoke(AuthenticatorBase.java:541) [tomcat-embed-core-9.0.63.jar:9.0.63]
	at org.apache.catalina.core.StandardHostValve.invoke(StandardHostValve.java:135) [tomcat-embed-core-9.0.63.jar:9.0.63]
	at org.apache.catalina.valves.ErrorReportValve.invoke(ErrorReportValve.java:92) [tomcat-embed-core-9.0.63.jar:9.0.63]
	at org.apache.catalina.core.StandardEngineValve.invoke(StandardEngineValve.java:78) [tomcat-embed-core-9.0.63.jar:9.0.63]
	at org.apache.catalina.connector.CoyoteAdapter.service(CoyoteAdapter.java:360) [tomcat-embed-core-9.0.63.jar:9.0.63]
	at org.apache.coyote.http11.Http11Processor.service(Http11Processor.java:399) [tomcat-embed-core-9.0.63.jar:9.0.63]
	at org.apache.coyote.AbstractProcessorLight.process(AbstractProcessorLight.java:65) [tomcat-embed-core-9.0.63.jar:9.0.63]
	at org.apache.coyote.AbstractProtocol$ConnectionHandler.process(AbstractProtocol.java:890) [tomcat-embed-core-9.0.63.jar:9.0.63]
	at org.apache.tomcat.util.net.NioEndpoint$SocketProcessor.doRun(NioEndpoint.java:1743) [tomcat-embed-core-9.0.63.jar:9.0.63]
	at org.apache.tomcat.util.net.SocketProcessorBase.run(SocketProcessorBase.java:49) [tomcat-embed-core-9.0.63.jar:9.0.63]
	at org.apache.tomcat.util.threads.ThreadPoolExecutor.runWorker(ThreadPoolExecutor.java:1191) [tomcat-embed-core-9.0.63.jar:9.0.63]
	at org.apache.tomcat.util.threads.ThreadPoolExecutor$Worker.run(ThreadPoolExecutor.java:659) [tomcat-embed-core-9.0.63.jar:9.0.63]
	at org.apache.tomcat.util.threads.TaskThread$WrappingRunnable.run(TaskThread.java:61) [tomcat-embed-core-9.0.63.jar:9.0.63]
	at java.lang.Thread.run(Thread.java:745) [na:1.8.0_65]

2023-05-27 14:35:34.089  INFO 18788 --- [http-nio-8888-exec-6] com.ttsx.order.biz.AddrBiz               : 3
2023-05-27 14:35:40.582  INFO 18788 --- [http-nio-8888-exec-9] com.ttsx.order.biz.OrderBiz              : 4
2023-05-27 14:36:33.002  INFO 18788 --- [http-nio-8888-exec-8] com.ttsx.order.biz.CartBiz               : 5
2023-05-27 14:36:36.389  INFO 18788 --- [http-nio-8888-exec-9] c.ttsx.order.controller.CartController   : 5
2023-05-27 14:36:40.581  INFO 18788 --- [http-nio-8888-exec-1] com.ttsx.order.biz.OrderBiz              : 5
2023-05-27 14:36:56.655  INFO 18788 --- [http-nio-8888-exec-7] com.ttsx.order.biz.OrderBiz              : 6
2023-05-27 14:04:06.407  INFO 18284 --- [main] com.ttsx.goods.GoodApplication           : The following 1 profile is active: "prod"
2023-05-27 14:04:07.385  INFO 18284 --- [main] .s.d.r.c.RepositoryConfigurationDelegate : Multiple Spring Data modules found, entering strict repository configuration mode!
2023-05-27 14:04:07.388  INFO 18284 --- [main] .s.d.r.c.RepositoryConfigurationDelegate : Bootstrapping Spring Data Redis repositories in DEFAULT mode.
2023-05-27 14:04:07.419  INFO 18284 --- [main] .s.d.r.c.RepositoryConfigurationDelegate : Finished Spring Data repository scanning in 8 ms. Found 0 Redis repository interfaces.
2023-05-27 14:04:07.637  INFO 18284 --- [main] o.s.cloud.context.scope.GenericScope     : BeanFactory id=b69eb11d-69b4-30d3-9b66-9aa28ba01c5b
2023-05-27 14:04:08.037  INFO 18284 --- [main] o.s.b.w.embedded.tomcat.TomcatWebServer  : Tomcat initialized with port(s): 7777 (http)
2023-05-27 14:04:08.038  INFO 18284 --- [main] o.a.catalina.core.AprLifecycleListener   : Loaded Apache Tomcat Native library [1.2.35] using APR version [1.7.0].
2023-05-27 14:04:08.038  INFO 18284 --- [main] o.a.catalina.core.AprLifecycleListener   : APR capabilities: IPv6 [true], sendfile [true], accept filters [false], random [true], UDS [true].
2023-05-27 14:04:08.038  INFO 18284 --- [main] o.a.catalina.core.AprLifecycleListener   : APR/OpenSSL configuration: useAprConnector [false], useOpenSSL [true]
2023-05-27 14:04:08.054  INFO 18284 --- [main] o.a.catalina.core.AprLifecycleListener   : OpenSSL successfully initialized [OpenSSL 1.1.1q  5 Jul 2022]
2023-05-27 14:04:08.063  INFO 18284 --- [main] o.apache.catalina.core.StandardService   : Starting service [Tomcat]
2023-05-27 14:04:08.063  INFO 18284 --- [main] org.apache.catalina.core.StandardEngine  : Starting Servlet engine: [Apache Tomcat/9.0.63]
2023-05-27 14:04:08.238  INFO 18284 --- [main] o.a.c.c.C.[Tomcat].[localhost].[/]       : Initializing Spring embedded WebApplicationContext
2023-05-27 14:04:08.239  INFO 18284 --- [main] w.s.c.ServletWebServerApplicationContext : Root WebApplicationContext: initialization completed in 1809 ms
2023-05-27 14:04:08.296  INFO 18284 --- [main] c.a.d.s.b.a.DruidDataSourceAutoConfigure : Init DruidDataSource
2023-05-27 14:04:08.399  INFO 18284 --- [main] com.alibaba.druid.pool.DruidDataSource   : {dataSource-1} inited
2023-05-27 14:04:11.580  INFO 18284 --- [main] o.s.cloud.commons.util.InetUtils         : Cannot determine local hostname
2023-05-27 14:04:14.108  INFO 18284 --- [main] o.s.cloud.commons.util.InetUtils         : Cannot determine local hostname
2023-05-27 14:04:14.144  WARN 18284 --- [main] iguration$LoadBalancerCaffeineWarnLogger : Spring Cloud LoadBalancer is currently working with the default cache. While this cache implementation is useful for development and tests, it's recommended to use Caffeine cache in production.You can switch to using Caffeine cache, by adding it and org.springframework.cache.caffeine.CaffeineCacheManager to the classpath.
2023-05-27 14:04:14.156  INFO 18284 --- [main] o.s.b.a.e.web.EndpointLinksResolver      : Exposing 19 endpoint(s) beneath base path '/actuator'
2023-05-27 14:04:14.232  INFO 18284 --- [main] o.s.b.w.embedded.tomcat.TomcatWebServer  : Tomcat started on port(s): 7777 (http) with context path ''
2023-05-27 14:04:14.247  INFO 18284 --- [main] c.a.n.p.a.s.c.ClientAuthPluginManager    : [ClientAuthPluginManager] Load ClientAuthService com.alibaba.nacos.client.auth.impl.NacosClientAuthServiceImpl success.
2023-05-27 14:04:14.247  INFO 18284 --- [main] c.a.n.p.a.s.c.ClientAuthPluginManager    : [ClientAuthPluginManager] Load ClientAuthService com.alibaba.nacos.client.auth.ram.RamClientAuthServiceImpl success.
2023-05-27 14:04:14.463  INFO 18284 --- [main] c.a.c.n.registry.NacosServiceRegistry    : nacos registry, DEFAULT_GROUP ttsx-foods 192.168.62.1:7777 register finished
2023-05-27 14:04:16.021  INFO 18284 --- [main] o.s.cloud.commons.util.InetUtils         : Cannot determine local hostname
2023-05-27 14:04:16.039  INFO 18284 --- [main] com.ttsx.goods.GoodApplication           : Started GoodApplication in 15.894 seconds (JVM running for 17.136)
2023-05-27 14:04:16.049  INFO 18284 --- [main] c.a.c.n.refresh.NacosContextRefresher    : [Nacos Config] Listening config: dataId=ttsx-foods, group=DEFAULT_GROUP
2023-05-27 14:04:16.050  INFO 18284 --- [main] c.a.c.n.refresh.NacosContextRefresher    : [Nacos Config] Listening config: dataId=ttsx-redis.yml, group=DEFAULT_GROUP
2023-05-27 14:04:16.051  INFO 18284 --- [main] c.a.c.n.refresh.NacosContextRefresher    : [Nacos Config] Listening config: dataId=ttsx-mysql.yml, group=DEFAULT_GROUP
2023-05-27 14:04:16.052  INFO 18284 --- [main] c.a.c.n.refresh.NacosContextRefresher    : [Nacos Config] Listening config: dataId=ttsx-foods-prod.yml, group=DEFAULT_GROUP
2023-05-27 14:04:16.052  INFO 18284 --- [main] c.a.c.n.refresh.NacosContextRefresher    : [Nacos Config] Listening config: dataId=ttsx-foods.yml, group=DEFAULT_GROUP
2023-05-27 14:04:17.217  INFO 18284 --- [RMI TCP Connection(3)-192.168.100.1] o.a.c.c.C.[Tomcat].[localhost].[/]       : Initializing Spring DispatcherServlet 'dispatcherServlet'
2023-05-27 14:04:17.218  INFO 18284 --- [RMI TCP Connection(3)-192.168.100.1] o.s.web.servlet.DispatcherServlet        : Initializing Servlet 'dispatcherServlet'
2023-05-27 14:04:17.221  INFO 18284 --- [RMI TCP Connection(3)-192.168.100.1] o.s.web.servlet.DispatcherServlet        : Completed initialization in 2 ms
2023-05-27 14:09:11.581  INFO 24728 --- [main] com.ttsx.order.OrderApplication          : The following 1 profile is active: "prod"
2023-05-27 14:09:12.338  INFO 24728 --- [main] .s.d.r.c.RepositoryConfigurationDelegate : Multiple Spring Data modules found, entering strict repository configuration mode!
2023-05-27 14:09:12.340  INFO 24728 --- [main] .s.d.r.c.RepositoryConfigurationDelegate : Bootstrapping Spring Data Redis repositories in DEFAULT mode.
2023-05-27 14:09:12.362  INFO 24728 --- [main] .s.d.r.c.RepositoryConfigurationDelegate : Finished Spring Data repository scanning in 6 ms. Found 0 Redis repository interfaces.
2023-05-27 14:09:12.574  INFO 24728 --- [main] o.s.cloud.context.scope.GenericScope     : BeanFactory id=d447d1bf-1267-3c43-ba88-4b656493b41e
2023-05-27 14:09:12.878  INFO 24728 --- [main] o.s.b.w.embedded.tomcat.TomcatWebServer  : Tomcat initialized with port(s): 8889 (http)
2023-05-27 14:09:12.879  INFO 24728 --- [main] o.a.catalina.core.AprLifecycleListener   : Loaded Apache Tomcat Native library [1.2.35] using APR version [1.7.0].
2023-05-27 14:09:12.880  INFO 24728 --- [main] o.a.catalina.core.AprLifecycleListener   : APR capabilities: IPv6 [true], sendfile [true], accept filters [false], random [true], UDS [true].
2023-05-27 14:09:12.880  INFO 24728 --- [main] o.a.catalina.core.AprLifecycleListener   : APR/OpenSSL configuration: useAprConnector [false], useOpenSSL [true]
2023-05-27 14:09:12.884  INFO 24728 --- [main] o.a.catalina.core.AprLifecycleListener   : OpenSSL successfully initialized [OpenSSL 1.1.1q  5 Jul 2022]
2023-05-27 14:09:12.892  INFO 24728 --- [main] o.apache.catalina.core.StandardService   : Starting service [Tomcat]
2023-05-27 14:09:12.892  INFO 24728 --- [main] org.apache.catalina.core.StandardEngine  : Starting Servlet engine: [Apache Tomcat/9.0.63]
2023-05-27 14:09:13.063  INFO 24728 --- [main] o.a.c.c.C.[Tomcat].[localhost].[/]       : Initializing Spring embedded WebApplicationContext
2023-05-27 14:09:13.063  INFO 24728 --- [main] w.s.c.ServletWebServerApplicationContext : Root WebApplicationContext: initialization completed in 1468 ms
2023-05-27 14:09:13.123  INFO 24728 --- [main] c.a.d.s.b.a.DruidDataSourceAutoConfigure : Init DruidDataSource
2023-05-27 14:09:13.219  INFO 24728 --- [main] com.alibaba.druid.pool.DruidDataSource   : {dataSource-1} inited
2023-05-27 14:09:14.549  INFO 24728 --- [main] o.s.c.openfeign.FeignClientFactoryBean   : For 'ttsx-foods' URL not provided. Will try picking an instance via load-balancing.
2023-05-27 14:09:16.435  INFO 24728 --- [main] o.s.cloud.commons.util.InetUtils         : Cannot determine local hostname
2023-05-27 14:09:19.198  INFO 24728 --- [main] o.s.cloud.commons.util.InetUtils         : Cannot determine local hostname
2023-05-27 14:09:19.224  WARN 24728 --- [main] iguration$LoadBalancerCaffeineWarnLogger : Spring Cloud LoadBalancer is currently working with the default cache. While this cache implementation is useful for development and tests, it's recommended to use Caffeine cache in production.You can switch to using Caffeine cache, by adding it and org.springframework.cache.caffeine.CaffeineCacheManager to the classpath.
2023-05-27 14:09:19.231  INFO 24728 --- [main] o.s.b.a.e.web.EndpointLinksResolver      : Exposing 19 endpoint(s) beneath base path '/actuator'
2023-05-27 14:09:19.309  INFO 24728 --- [main] o.s.b.w.embedded.tomcat.TomcatWebServer  : Tomcat started on port(s): 8889 (http) with context path ''
2023-05-27 14:09:19.318  INFO 24728 --- [main] c.a.n.p.a.s.c.ClientAuthPluginManager    : [ClientAuthPluginManager] Load ClientAuthService com.alibaba.nacos.client.auth.impl.NacosClientAuthServiceImpl success.
2023-05-27 14:09:19.319  INFO 24728 --- [main] c.a.n.p.a.s.c.ClientAuthPluginManager    : [ClientAuthPluginManager] Load ClientAuthService com.alibaba.nacos.client.auth.ram.RamClientAuthServiceImpl success.
2023-05-27 14:09:19.526  INFO 24728 --- [main] c.a.c.n.registry.NacosServiceRegistry    : nacos registry, DEFAULT_GROUP ttsx-order 192.168.62.1:8889 register finished
2023-05-27 14:09:21.169  INFO 24728 --- [main] o.s.cloud.commons.util.InetUtils         : Cannot determine local hostname
2023-05-27 14:09:21.189  INFO 24728 --- [main] com.ttsx.order.OrderApplication          : Started OrderApplication in 16.291 seconds (JVM running for 17.629)
2023-05-27 14:09:21.201  INFO 24728 --- [main] c.a.c.n.refresh.NacosContextRefresher    : [Nacos Config] Listening config: dataId=ttsx-redis.yml, group=DEFAULT_GROUP
2023-05-27 14:09:21.201  INFO 24728 --- [main] c.a.c.n.refresh.NacosContextRefresher    : [Nacos Config] Listening config: dataId=ttsx-order.yml, group=DEFAULT_GROUP
2023-05-27 14:09:21.202  INFO 24728 --- [main] c.a.c.n.refresh.NacosContextRefresher    : [Nacos Config] Listening config: dataId=ttsx-order-prod.yml, group=DEFAULT_GROUP
2023-05-27 14:09:21.203  INFO 24728 --- [main] c.a.c.n.refresh.NacosContextRefresher    : [Nacos Config] Listening config: dataId=ttsx-mysql.yml, group=DEFAULT_GROUP
2023-05-27 14:09:21.203  INFO 24728 --- [main] c.a.c.n.refresh.NacosContextRefresher    : [Nacos Config] Listening config: dataId=ttsx-order, group=DEFAULT_GROUP
2023-05-27 14:09:22.669  INFO 24728 --- [RMI TCP Connection(3)-192.168.100.1] o.a.c.c.C.[Tomcat].[localhost].[/]       : Initializing Spring DispatcherServlet 'dispatcherServlet'
2023-05-27 14:09:22.670  INFO 24728 --- [RMI TCP Connection(3)-192.168.100.1] o.s.web.servlet.DispatcherServlet        : Initializing Servlet 'dispatcherServlet'
2023-05-27 14:09:22.672  INFO 24728 --- [RMI TCP Connection(3)-192.168.100.1] o.s.web.servlet.DispatcherServlet        : Completed initialization in 2 ms
2023-05-27 18:48:54.610  INFO 24728 --- [http-nio-8889-exec-1] c.ttsx.order.controller.CartController   : 2
2023-05-27 18:49:03.147  INFO 24728 --- [http-nio-8889-exec-2] c.ttsx.order.controller.CartController   : 2
2023-05-27 18:49:18.849  INFO 24728 --- [http-nio-8889-exec-3] c.ttsx.order.controller.CartController   : 2
2023-05-27 19:37:00.995  INFO 24728 --- [http-nio-8889-exec-5] c.ttsx.order.controller.CartController   : 2
2023-05-27 20:44:56.554  INFO 22752 --- [main] com.ttsx.goods.GoodApplication           : The following 1 profile is active: "prod"
2023-05-27 20:44:58.835  INFO 22752 --- [main] .s.d.r.c.RepositoryConfigurationDelegate : Multiple Spring Data modules found, entering strict repository configuration mode!
2023-05-27 20:44:58.839  INFO 22752 --- [main] .s.d.r.c.RepositoryConfigurationDelegate : Bootstrapping Spring Data Redis repositories in DEFAULT mode.
2023-05-27 20:44:58.876  INFO 22752 --- [main] .s.d.r.c.RepositoryConfigurationDelegate : Finished Spring Data repository scanning in 12 ms. Found 0 Redis repository interfaces.
2023-05-27 20:44:59.160  INFO 22752 --- [main] o.s.cloud.context.scope.GenericScope     : BeanFactory id=b69eb11d-69b4-30d3-9b66-9aa28ba01c5b
2023-05-27 20:44:59.588  INFO 22752 --- [main] o.s.b.w.embedded.tomcat.TomcatWebServer  : Tomcat initialized with port(s): 7777 (http)
2023-05-27 20:44:59.589  INFO 22752 --- [main] o.a.catalina.core.AprLifecycleListener   : Loaded Apache Tomcat Native library [1.2.35] using APR version [1.7.0].
2023-05-27 20:44:59.589  INFO 22752 --- [main] o.a.catalina.core.AprLifecycleListener   : APR capabilities: IPv6 [true], sendfile [true], accept filters [false], random [true], UDS [true].
2023-05-27 20:44:59.589  INFO 22752 --- [main] o.a.catalina.core.AprLifecycleListener   : APR/OpenSSL configuration: useAprConnector [false], useOpenSSL [true]
2023-05-27 20:44:59.605  INFO 22752 --- [main] o.a.catalina.core.AprLifecycleListener   : OpenSSL successfully initialized [OpenSSL 1.1.1q  5 Jul 2022]
2023-05-27 20:44:59.616  INFO 22752 --- [main] o.apache.catalina.core.StandardService   : Starting service [Tomcat]
2023-05-27 20:44:59.617  INFO 22752 --- [main] org.apache.catalina.core.StandardEngine  : Starting Servlet engine: [Apache Tomcat/9.0.63]
2023-05-27 20:44:59.856  INFO 22752 --- [main] o.a.c.c.C.[Tomcat].[localhost].[/]       : Initializing Spring embedded WebApplicationContext
2023-05-27 20:44:59.856  INFO 22752 --- [main] w.s.c.ServletWebServerApplicationContext : Root WebApplicationContext: initialization completed in 3276 ms
2023-05-27 20:44:59.933  INFO 22752 --- [main] c.a.d.s.b.a.DruidDataSourceAutoConfigure : Init DruidDataSource
2023-05-27 20:45:00.064  INFO 22752 --- [main] com.alibaba.druid.pool.DruidDataSource   : {dataSource-1} inited
2023-05-27 20:45:01.132  INFO 10276 --- [main] com.ttsx.order.OrderApplication          : The following 1 profile is active: "prod"
2023-05-27 20:45:02.274  INFO 10276 --- [main] .s.d.r.c.RepositoryConfigurationDelegate : Multiple Spring Data modules found, entering strict repository configuration mode!
2023-05-27 20:45:02.284  INFO 10276 --- [main] .s.d.r.c.RepositoryConfigurationDelegate : Bootstrapping Spring Data Redis repositories in DEFAULT mode.
2023-05-27 20:45:02.341  INFO 10276 --- [main] .s.d.r.c.RepositoryConfigurationDelegate : Finished Spring Data repository scanning in 16 ms. Found 0 Redis repository interfaces.
2023-05-27 20:45:02.803  INFO 10276 --- [main] o.s.cloud.context.scope.GenericScope     : BeanFactory id=d447d1bf-1267-3c43-ba88-4b656493b41e
2023-05-27 20:45:03.307  INFO 10276 --- [main] o.s.b.w.embedded.tomcat.TomcatWebServer  : Tomcat initialized with port(s): 8889 (http)
2023-05-27 20:45:03.309  INFO 10276 --- [main] o.a.catalina.core.AprLifecycleListener   : Loaded Apache Tomcat Native library [1.2.35] using APR version [1.7.0].
2023-05-27 20:45:03.309  INFO 10276 --- [main] o.a.catalina.core.AprLifecycleListener   : APR capabilities: IPv6 [true], sendfile [true], accept filters [false], random [true], UDS [true].
2023-05-27 20:45:03.309  INFO 10276 --- [main] o.a.catalina.core.AprLifecycleListener   : APR/OpenSSL configuration: useAprConnector [false], useOpenSSL [true]
2023-05-27 20:45:03.315  INFO 10276 --- [main] o.a.catalina.core.AprLifecycleListener   : OpenSSL successfully initialized [OpenSSL 1.1.1q  5 Jul 2022]
2023-05-27 20:45:03.330  INFO 10276 --- [main] o.apache.catalina.core.StandardService   : Starting service [Tomcat]
2023-05-27 20:45:03.331  INFO 10276 --- [main] org.apache.catalina.core.StandardEngine  : Starting Servlet engine: [Apache Tomcat/9.0.63]
2023-05-27 20:45:04.055  INFO 10276 --- [main] o.a.c.c.C.[Tomcat].[localhost].[/]       : Initializing Spring embedded WebApplicationContext
2023-05-27 20:45:04.055  INFO 10276 --- [main] w.s.c.ServletWebServerApplicationContext : Root WebApplicationContext: initialization completed in 2903 ms
2023-05-27 20:45:04.159  INFO 10276 --- [main] c.a.d.s.b.a.DruidDataSourceAutoConfigure : Init DruidDataSource
2023-05-27 20:45:04.347  INFO 10276 --- [main] com.alibaba.druid.pool.DruidDataSource   : {dataSource-1} inited
2023-05-27 20:45:07.069  INFO 10276 --- [main] o.s.c.openfeign.FeignClientFactoryBean   : For 'ttsx-foods' URL not provided. Will try picking an instance via load-balancing.
2023-05-27 20:45:08.088  WARN 22752 --- [main] iguration$LoadBalancerCaffeineWarnLogger : Spring Cloud LoadBalancer is currently working with the default cache. While this cache implementation is useful for development and tests, it's recommended to use Caffeine cache in production.You can switch to using Caffeine cache, by adding it and org.springframework.cache.caffeine.CaffeineCacheManager to the classpath.
2023-05-27 20:45:08.106  INFO 22752 --- [main] o.s.b.a.e.web.EndpointLinksResolver      : Exposing 19 endpoint(s) beneath base path '/actuator'
2023-05-27 20:45:08.228  INFO 22752 --- [main] o.s.b.w.embedded.tomcat.TomcatWebServer  : Tomcat started on port(s): 7777 (http) with context path ''
2023-05-27 20:45:08.247  INFO 22752 --- [main] c.a.n.p.a.s.c.ClientAuthPluginManager    : [ClientAuthPluginManager] Load ClientAuthService com.alibaba.nacos.client.auth.impl.NacosClientAuthServiceImpl success.
2023-05-27 20:45:08.248  INFO 22752 --- [main] c.a.n.p.a.s.c.ClientAuthPluginManager    : [ClientAuthPluginManager] Load ClientAuthService com.alibaba.nacos.client.auth.ram.RamClientAuthServiceImpl success.
2023-05-27 20:45:08.509  INFO 22752 --- [main] c.a.c.n.registry.NacosServiceRegistry    : nacos registry, DEFAULT_GROUP ttsx-foods 192.168.62.1:7777 register finished
2023-05-27 20:45:09.593  INFO 22752 --- [main] com.ttsx.goods.GoodApplication           : Started GoodApplication in 22.412 seconds (JVM running for 23.747)
2023-05-27 20:45:09.617  INFO 22752 --- [main] c.a.c.n.refresh.NacosContextRefresher    : [Nacos Config] Listening config: dataId=ttsx-foods, group=DEFAULT_GROUP
2023-05-27 20:45:09.619  INFO 22752 --- [main] c.a.c.n.refresh.NacosContextRefresher    : [Nacos Config] Listening config: dataId=ttsx-redis.yml, group=DEFAULT_GROUP
2023-05-27 20:45:09.621  INFO 22752 --- [main] c.a.c.n.refresh.NacosContextRefresher    : [Nacos Config] Listening config: dataId=ttsx-mysql.yml, group=DEFAULT_GROUP
2023-05-27 20:45:09.622  INFO 22752 --- [main] c.a.c.n.refresh.NacosContextRefresher    : [Nacos Config] Listening config: dataId=ttsx-foods-prod.yml, group=DEFAULT_GROUP
2023-05-27 20:45:09.623  INFO 22752 --- [main] c.a.c.n.refresh.NacosContextRefresher    : [Nacos Config] Listening config: dataId=ttsx-foods.yml, group=DEFAULT_GROUP
2023-05-27 20:45:11.141  INFO 22752 --- [RMI TCP Connection(5)-192.168.100.1] o.a.c.c.C.[Tomcat].[localhost].[/]       : Initializing Spring DispatcherServlet 'dispatcherServlet'
2023-05-27 20:45:11.142  INFO 22752 --- [RMI TCP Connection(5)-192.168.100.1] o.s.web.servlet.DispatcherServlet        : Initializing Servlet 'dispatcherServlet'
2023-05-27 20:45:11.146  INFO 22752 --- [RMI TCP Connection(5)-192.168.100.1] o.s.web.servlet.DispatcherServlet        : Completed initialization in 3 ms
2023-05-27 20:45:11.781  WARN 10276 --- [main] iguration$LoadBalancerCaffeineWarnLogger : Spring Cloud LoadBalancer is currently working with the default cache. While this cache implementation is useful for development and tests, it's recommended to use Caffeine cache in production.You can switch to using Caffeine cache, by adding it and org.springframework.cache.caffeine.CaffeineCacheManager to the classpath.
2023-05-27 20:45:11.790  INFO 10276 --- [main] o.s.b.a.e.web.EndpointLinksResolver      : Exposing 19 endpoint(s) beneath base path '/actuator'
2023-05-27 20:45:11.951  INFO 10276 --- [main] o.s.b.w.embedded.tomcat.TomcatWebServer  : Tomcat started on port(s): 8889 (http) with context path ''
2023-05-27 20:45:11.981  INFO 10276 --- [main] c.a.n.p.a.s.c.ClientAuthPluginManager    : [ClientAuthPluginManager] Load ClientAuthService com.alibaba.nacos.client.auth.impl.NacosClientAuthServiceImpl success.
2023-05-27 20:45:11.982  INFO 10276 --- [main] c.a.n.p.a.s.c.ClientAuthPluginManager    : [ClientAuthPluginManager] Load ClientAuthService com.alibaba.nacos.client.auth.ram.RamClientAuthServiceImpl success.
2023-05-27 20:45:12.446  INFO 10276 --- [main] c.a.c.n.registry.NacosServiceRegistry    : nacos registry, DEFAULT_GROUP ttsx-order 192.168.62.1:8889 register finished
2023-05-27 20:45:14.726  INFO 10276 --- [main] com.ttsx.order.OrderApplication          : Started OrderApplication in 21.487 seconds (JVM running for 24.778)
2023-05-27 20:45:14.763  INFO 10276 --- [main] c.a.c.n.refresh.NacosContextRefresher    : [Nacos Config] Listening config: dataId=ttsx-redis.yml, group=DEFAULT_GROUP
2023-05-27 20:45:14.764  INFO 10276 --- [main] c.a.c.n.refresh.NacosContextRefresher    : [Nacos Config] Listening config: dataId=ttsx-order.yml, group=DEFAULT_GROUP
2023-05-27 20:45:14.768  INFO 10276 --- [main] c.a.c.n.refresh.NacosContextRefresher    : [Nacos Config] Listening config: dataId=ttsx-order-prod.yml, group=DEFAULT_GROUP
2023-05-27 20:45:14.769  INFO 10276 --- [main] c.a.c.n.refresh.NacosContextRefresher    : [Nacos Config] Listening config: dataId=ttsx-mysql.yml, group=DEFAULT_GROUP
2023-05-27 20:45:14.770  INFO 10276 --- [main] c.a.c.n.refresh.NacosContextRefresher    : [Nacos Config] Listening config: dataId=ttsx-order, group=DEFAULT_GROUP
2023-05-27 20:45:15.576  INFO 10276 --- [RMI TCP Connection(7)-192.168.100.1] o.a.c.c.C.[Tomcat].[localhost].[/]       : Initializing Spring DispatcherServlet 'dispatcherServlet'
2023-05-27 20:45:15.578  INFO 10276 --- [RMI TCP Connection(7)-192.168.100.1] o.s.web.servlet.DispatcherServlet        : Initializing Servlet 'dispatcherServlet'
2023-05-27 20:45:15.580  INFO 10276 --- [RMI TCP Connection(7)-192.168.100.1] o.s.web.servlet.DispatcherServlet        : Completed initialization in 2 ms
